-------------------------------------------------------------------------------
Test set: com.digitalhouse.backend.integrador.clinicaOdontologica.ClinicaOdontologicaApplicationTests
-------------------------------------------------------------------------------
Tests run: 1, Failures: 0, Errors: 1, Skipped: 0, Time elapsed: 9.598 s <<< FAILURE! - in com.digitalhouse.backend.integrador.clinicaOdontologica.ClinicaOdontologicaApplicationTests
com.digitalhouse.backend.integrador.clinicaOdontologica.ClinicaOdontologicaApplicationTests.contextLoads  Time elapsed: 0.021 s  <<< ERROR!
java.lang.IllegalStateException: Failed to load ApplicationContext
Caused by: org.springframework.beans.factory.UnsatisfiedDependencyException: Error creating bean with name 'pacienteController' defined in file [C:\Users\Luli\OneDrive\Desktop\clinicaOdontologicaMM\clinicaOdontologicaMM\clinicaOdontologica\target\classes\com\digitalhouse\backend\integrador\clinicaOdontologica\controller\PacienteController.class]: Unsatisfied dependency expressed through constructor parameter 0; nested exception is org.springframework.beans.factory.UnsatisfiedDependencyException: Error creating bean with name 'pacienteService' defined in file [C:\Users\Luli\OneDrive\Desktop\clinicaOdontologicaMM\clinicaOdontologicaMM\clinicaOdontologica\target\classes\com\digitalhouse\backend\integrador\clinicaOdontologica\service\impl\PacienteService.class]: Unsatisfied dependency expressed through constructor parameter 1; nested exception is org.springframework.beans.factory.NoSuchBeanDefinitionException: No qualifying bean of type 'org.modelmapper.ModelMapper' available: expected at least 1 bean which qualifies as autowire candidate. Dependency annotations: {}
Caused by: org.springframework.beans.factory.UnsatisfiedDependencyException: Error creating bean with name 'pacienteService' defined in file [C:\Users\Luli\OneDrive\Desktop\clinicaOdontologicaMM\clinicaOdontologicaMM\clinicaOdontologica\target\classes\com\digitalhouse\backend\integrador\clinicaOdontologica\service\impl\PacienteService.class]: Unsatisfied dependency expressed through constructor parameter 1; nested exception is org.springframework.beans.factory.NoSuchBeanDefinitionException: No qualifying bean of type 'org.modelmapper.ModelMapper' available: expected at least 1 bean which qualifies as autowire candidate. Dependency annotations: {}
Caused by: org.springframework.beans.factory.NoSuchBeanDefinitionException: No qualifying bean of type 'org.modelmapper.ModelMapper' available: expected at least 1 bean which qualifies as autowire candidate. Dependency annotations: {}

