<?xml version="1.0" encoding="UTF-8"?>
<testsuite xmlns:xsi="http://www.w3.org/2001/XMLSchema-instance" xsi:noNamespaceSchemaLocation="https://maven.apache.org/surefire/maven-surefire-plugin/xsd/surefire-test-report-3.0.xsd" version="3.0" name="com.digitalhouse.backend.integrador.clinicaOdontologica.OdontologoServiceTest" time="2.694" tests="3" errors="0" skipped="0" failures="0">
  <properties>
[...]
</properties>
  <testcase name="deberiaCrearUnOdontologoConNombreLuciana" classname="com.digitalhouse.backend.integrador.clinicaOdontologica.OdontologoServiceTest" time="0.187">
    <system-out><![CDATA[2023-09-14 19:23:56 [&amp#27;[34mINFO &amp#27;[0;39m] [&amp#27;[36mmain&amp#27;[0;39m] &amp#27;[35mo.s.b.t.c.SpringBootTestContextBootstrapper&amp#27;[0;39m - Neither @ContextConfiguration nor @ContextHierarchy found for test class [com.digitalhouse.backend.integrador.clinicaOdontologica.OdontologoServiceTest], using SpringBootContextLoader
2023-09-14 19:23:56 [&amp#27;[34mINFO &amp#27;[0;39m] [&amp#27;[36mmain&amp#27;[0;39m] &amp#27;[35mo.s.t.c.s.AbstractContextLoader&amp#27;[0;39m - Could not detect default resource locations for test class [com.digitalhouse.backend.integrador.clinicaOdontologica.OdontologoServiceTest]: no resource found for suffixes {-context.xml, Context.groovy}.
2023-09-14 19:23:56 [&amp#27;[34mINFO &amp#27;[0;39m] [&amp#27;[36mmain&amp#27;[0;39m] &amp#27;[35mo.s.t.c.s.AnnotationConfigContextLoaderUtils&amp#27;[0;39m - Could not detect default configuration classes for test class [com.digitalhouse.backend.integrador.clinicaOdontologica.OdontologoServiceTest]: OdontologoServiceTest does not declare any static, non-private, non-final, nested classes annotated with @Configuration.
2023-09-14 19:23:56 [&amp#27;[34mINFO &amp#27;[0;39m] [&amp#27;[36mmain&amp#27;[0;39m] &amp#27;[35mo.s.b.t.c.SpringBootTestContextBootstrapper&amp#27;[0;39m - Found @SpringBootConfiguration com.digitalhouse.backend.integrador.clinicaOdontologica.ClinicaOdontologicaApplication for test class com.digitalhouse.backend.integrador.clinicaOdontologica.OdontologoServiceTest
2023-09-14 19:23:56 [&amp#27;[34mINFO &amp#27;[0;39m] [&amp#27;[36mmain&amp#27;[0;39m] &amp#27;[35mo.s.b.t.c.SpringBootTestContextBootstrapper&amp#27;[0;39m - Loaded default TestExecutionListener class names from location [META-INF/spring.factories]: [org.springframework.boot.test.mock.mockito.MockitoTestExecutionListener, org.springframework.boot.test.mock.mockito.ResetMocksTestExecutionListener, org.springframework.boot.test.autoconfigure.restdocs.RestDocsTestExecutionListener, org.springframework.boot.test.autoconfigure.web.client.MockRestServiceServerResetTestExecutionListener, org.springframework.boot.test.autoconfigure.web.servlet.MockMvcPrintOnlyOnFailureTestExecutionListener, org.springframework.boot.test.autoconfigure.web.servlet.WebDriverTestExecutionListener, org.springframework.boot.test.autoconfigure.webservices.client.MockWebServiceServerTestExecutionListener, org.springframework.test.context.web.ServletTestExecutionListener, org.springframework.test.context.support.DirtiesContextBeforeModesTestExecutionListener, org.springframework.test.context.event.ApplicationEventsTestExecutionListener, org.springframework.test.context.support.DependencyInjectionTestExecutionListener, org.springframework.test.context.support.DirtiesContextTestExecutionListener, org.springframework.test.context.transaction.TransactionalTestExecutionListener, org.springframework.test.context.jdbc.SqlScriptsTestExecutionListener, org.springframework.test.context.event.EventPublishingTestExecutionListener]
2023-09-14 19:23:56 [&amp#27;[34mINFO &amp#27;[0;39m] [&amp#27;[36mmain&amp#27;[0;39m] &amp#27;[35mo.s.b.t.c.SpringBootTestContextBootstrapper&amp#27;[0;39m - Using TestExecutionListeners: [org.springframework.test.context.web.ServletTestExecutionListener@26398f67, org.springframework.test.context.support.DirtiesContextBeforeModesTestExecutionListener@64ff0eaa, org.springframework.test.context.event.ApplicationEventsTestExecutionListener@401b7226, org.springframework.boot.test.mock.mockito.MockitoTestExecutionListener@1b62ad1e, org.springframework.boot.test.autoconfigure.SpringBootDependencyInjectionTestExecutionListener@714a4ba2, org.springframework.test.context.support.DirtiesContextTestExecutionListener@6ddc817f, org.springframework.test.context.transaction.TransactionalTestExecutionListener@764d54a0, org.springframework.test.context.jdbc.SqlScriptsTestExecutionListener@78c91d2a, org.springframework.test.context.event.EventPublishingTestExecutionListener@5b7d5eca, org.springframework.boot.test.mock.mockito.ResetMocksTestExecutionListener@52a3eba3, org.springframework.boot.test.autoconfigure.restdocs.RestDocsTestExecutionListener@4ed74d03, org.springframework.boot.test.autoconfigure.web.client.MockRestServiceServerResetTestExecutionListener@7ec729be, org.springframework.boot.test.autoconfigure.web.servlet.MockMvcPrintOnlyOnFailureTestExecutionListener@4f7da3a2, org.springframework.boot.test.autoconfigure.web.servlet.WebDriverTestExecutionListener@24ea71d, org.springframework.boot.test.autoconfigure.webservices.client.MockWebServiceServerTestExecutionListener@76055d02]
  ______   __      _             _____      _                       _   __        _
 / _____)_/_/     (_)           / ___ \    | |            _        | | /_/       (_)
| /     | |_ ____  _  ____ ____| |   | | _ | | ___  ____ | |_  ___ | | ___   ____ _  ____ ____
| |     | | |  _ \| |/ ___) _  | |   | |/ || |/ _ \|  _ \|  _)/ _ \| |/ _ \ / _  | |/ ___) _  |
| \_____| | | | | | ( (__( ( | | |___| ( (_| | |_| | | | | |_| |_| | | |_| ( ( | | ( (__( ( | |
 \______)_|_|_| |_|_|\____)_||_|\_____/ \____|\___/|_| |_|\___)___/|_|\___/ \_|| |_|\____)_||_|
                                                                           (_____|
  __  __            _               _                  __  __            _   _                      _
 |  \/  |          | |             | |         ___    |  \/  |          | | (_)                    (_)
 | \  / | __ _  ___| |__   __ _  __| | ___    ( _ )   | \  / | __ _ _ __| |_ _ _ __  _   _  ___ ___ _
 | |\/| |/ _` |/ __| '_ \ / _` |/ _` |/ _ \   / _ \/\ | |\/| |/ _` | '__| __| | '_ \| | | |/ __/ __| |
 | |  | | (_| | (__| | | | (_| | (_| | (_) | | (_>  < | |  | | (_| | |  | |_| | | | | |_| | (_| (__| |
 |_|  |_|\__,_|\___|_| |_|\__,_|\__,_|\___/   \___/\/ |_|  |_|\__,_|_|   \__|_|_| |_|\__,_|\___\___|_|
                    _               _          ___                       _   _                      _
   /\/\   __ _  ___| |__   __ _  __| | ___    ( _ )     /\/\   __ _ _ __| |_(_)_ __  _   _  ___ ___(_)
  /    \ / _` |/ __| '_ \ / _` |/ _` |/ _ \   / _ \/\  /    \ / _` | '__| __| | '_ \| | | |/ __/ __| |
 / /\/\ \ (_| | (__| | | | (_| | (_| | (_) | | (_>  < / /\/\ \ (_| | |  | |_| | | | | |_| | (_| (__| |
 \/    \/\__,_|\___|_| |_|\__,_|\__,_|\___/   \___/\/ \/    \/\__,_|_|   \__|_|_| |_|\__,_|\___\___|_|

 ______              _               _           ___      ______                   _                        _
|  ___ \            | |             | |         / _ \    |  ___ \             _   (_)                      (_)
| | _ | | ____  ____| | _   ____  _ | | ___    ( (_) )   | | _ | | ____  ____| |_  _ ____  _   _  ____ ____ _
| || || |/ _  |/ ___) || \ / _  |/ || |/ _ \    ) _ (    | || || |/ _  |/ ___)  _)| |  _ \| | | |/ ___) ___) |
| || || ( ( | ( (___| | | ( ( | ( (_| | |_| |  ( (/  \   | || || ( ( | | |   | |__| | | | | |_| ( (__( (___| |
|_||_||_|\_||_|\____)_| |_|\_||_|\____|\___/    \__/\_)  |_||_||_|\_||_|_|    \___)_|_| |_|\____|\____)____)_|

______  ___            ______        _________           ______        ______  ___             __________                          _____
___   |/  /_____ _________  /_______ ______  /_____      __( _ )       ___   |/  /_____ _________  /___(_)__________  ________________(_)
__  /|_/ /_  __ `/  ___/_  __ \  __ `/  __  /_  __ \     _  __ \/|     __  /|_/ /_  __ `/_  ___/  __/_  /__  __ \  / / /  ___/  ___/_  /
_  /  / / / /_/ // /__ _  / / / /_/ // /_/ / / /_/ /     / /_/  <      _  /  / / / /_/ /_  /   / /_ _  / _  / / / /_/ // /__ / /__ _  /
/_/  /_/  \__,_/ \___/ /_/ /_/\__,_/ \__,_/  \____/      \____/\/      /_/  /_/  \__,_/ /_/    \__/ /_/  /_/ /_/\__,_/ \___/ \___/ /_/

                      _                 _            _____                         _
 /'\_/`\             ( )               ( )          (  _  )     /'\_/`\           ( )_ _                            _
 |     |   _ _    ___| |__     _ _    _| |   _      `\  ,/'     |     |   _ _ _ __| ,_|_) ___   _   _    ___    ___(_)
 | (_) | /'_` ) /'___)  _ `\ /'_` ) /'_` | /'_`\     /'_`\/\    | (_) | /'_` | '__) | | /' _ `\( ) ( ) /'___) /'___) |
 | | | |( (_| |( (___| | | |( (_| |( (_| |( (_) )   | (_> ,<`   | | | |( (_| | |  | |_| | ( ) || (_) |( (___ ( (___| |
 (_) (_)`\__,_)`\____|_) (_)`\__,_)`\__,_)`\___/'   `\___/\/'   (_) (_)`\__,_|_)  `\__|_|_) (_)`\___/'`\____)`\____|_)

 |\   _ \  _   \|\   __  \|\   ____\|\  \|\  \|\   __  \|\   ___ \|\   __  \        |\   __  \           |\   _ \  _   \|\   __  \|\   __  \|\___   ___\\  \|\   ___  \|\  \|\  \|\   ____\|\   ____\|\  \
 \ \  \\\__\ \  \ \  \|\  \ \  \___|\ \  \\\  \ \  \|\  \ \  \_|\ \ \  \|\  \       \ \  \|\  \  /\      \ \  \\\__\ \  \ \  \|\  \ \  \|\  \|___ \  \_\ \  \ \  \\ \  \ \  \\\  \ \  \___|\ \  \___|\ \  \
  \ \  \\|__| \  \ \   __  \ \  \    \ \   __  \ \   __  \ \  \ \\ \ \  \\\  \       \ \__     \/  \      \ \  \\|__| \  \ \   __  \ \   _  _\   \ \  \ \ \  \ \  \\ \  \ \  \\\  \ \  \    \ \  \    \ \  \
   \ \  \    \ \  \ \  \ \  \ \  \____\ \  \ \  \ \  \ \  \ \  \_\\ \ \  \\\  \       \|_/  __     /|      \ \  \    \ \  \ \  \ \  \ \  \\  \|   \ \  \ \ \  \ \  \\ \  \ \  \\\  \ \  \____\ \  \____\ \  \
    \ \__\    \ \__\ \__\ \__\ \_______\ \__\ \__\ \__\ \__\ \_______\ \_______\        /  /_|\   / /       \ \__\    \ \__\ \__\ \__\ \__\\ _\    \ \__\ \ \__\ \__\\ \__\ \_______\ \_______\ \_______\ \__\
     \|__|     \|__|\|__|\|__|\|_______|\|__|\|__|\|__|\|__|\|_______|\|_______|       /_______   \/         \|__|     \|__|\|__|\|__|\|__|\|__|    \|__|  \|__|\|__| \|__|\|_______|\|_______|\|_______|\|__|
                                                                                       |_______|\__\

 ____    ____               __                   __            ___        ____    ____               _    _                                 _
|_   \  /   _|             [  |                 |  ]         .' _ '.     |_   \  /   _|             / |_ (_)                               (_)
  |   \/   |  ,--.   .---.  | |--.  ,--.    .--.| |  .--.    | (_) '___    |   \/   |  ,--.  _ .--.`| |-'__  _ .--.  __   _   .---. .---.  __
  | |\  /| | `'_\ : / /'`\] | .-. |`'_\ : / /'`\' |/ .'`\ \  .`___'/ _/    | |\  /| | `'_\ :[ `/'`\]| | [  |[ `.-. |[  | | | / /'`\] /'`\][  |
 _| |_\/_| |_// | |,| \__.  | | | |// | |,| \__/  || \__. | | (___)  \_   _| |_\/_| |_// | |,| |    | |, | | | | | | | \_/ |,| \__.| \__.  | |
|_____||_____\'-;__/'.___.'[___]|__]'-;__/ '.__.;__]'.__.'  `._____.\__| |_____||_____\'-;__[___]   \__/[___|___||__]'.__.'_/'.___.'.___.'[___]                                                                                                \|__|

.___  ___.      ___       ______  __    __       ___       _______   ______                .___  ___.      ___      .______     .___________. __  .__   __.  __    __    ______   ______  __
|   \/   |     /   \     /      ||  |  |  |     /   \     |       \ /  __  \      ___      |   \/   |     /   \     |   _  \    |           ||  | |  \ |  | |  |  |  |  /      | /      ||  |
|  \  /  |    /  ^  \   |  ,----'|  |__|  |    /  ^  \    |  .--.  |  |  |  |    ( _ )     |  \  /  |    /  ^  \    |  |_)  |   `---|  |----`|  | |   \|  | |  |  |  | |  ,----'|  ,----'|  |
|  |\/|  |   /  /_\  \  |  |     |   __   |   /  /_\  \   |  |  |  |  |  |  |    / _ \/\   |  |\/|  |   /  /_\  \   |      /        |  |     |  | |  . `  | |  |  |  | |  |     |  |     |  |
|  |  |  |  /  _____  \ |  `----.|  |  |  |  /  _____  \  |  '--'  |  `--'  |   | (_>  <   |  |  |  |  /  _____  \  |  |\  \----.   |  |     |  | |  |\   | |  `--'  | |  `----.|  `----.|  |
|__|  |__| /__/     \__\ \______||__|  |__| /__/     \__\ |_______/ \______/     \___/\/   |__|  |__| /__/     \__\ | _| `._____|   |__|     |__| |__| \__|  \______/   \______| \______||__|

  __  __            _               _          ___     __  __            _   _                      _
 |  \/  | __ _  ___| |__   __ _  __| | ___    ( _ )   |  \/  | __ _ _ __| |_(_)_ __  _   _  ___ ___(_)
 | |\/| |/ _` |/ __| '_ \ / _` |/ _` |/ _ \   / _ \/\ | |\/| |/ _` | '__| __| | '_ \| | | |/ __/ __| |
 | |  | | (_| | (__| | | | (_| | (_| | (_) | | (_>  < | |  | | (_| | |  | |_| | | | | |_| | (_| (__| |
 |_|  |_|\__,_|\___|_| |_|\__,_|\__,_|\___/   \___/\/ |_|  |_|\__,_|_|   \__|_|_| |_|\__,_|\___\___|_|

 __       __                      __                        __                   ___            __       __                      __      __                                          __
|  \     /  \                    |  \                      |  \                 /   \          |  \     /  \                    |  \    |  \                                        |  \
| $$\   /  $$  ______    _______ | $$____    ______    ____| $$  ______        |  $$$\         | $$\   /  $$  ______    ______ _| $$_    \$$ _______   __    __   _______   _______  \$$
| $$$\ /  $$$ |      \  /       \| $$    \  |      \  /      $$ /      \        \$$ $$__       | $$$\ /  $$$ |      \  /      \   $$ \  |  \|       \ |  \  |  \ /       \ /       \|  \
| $$$$\  $$$$  \$$$$$$\|  $$$$$$$| $$$$$$$\  \$$$$$$\|  $$$$$$$|  $$$$$$\      | \$$$/  \      | $$$$\  $$$$  \$$$$$$\|  $$$$$$\$$$$$$  | $$| $$$$$$$\| $$  | $$|  $$$$$$$|  $$$$$$$| $$
| $$\$$ $$ $$ /      $$| $$      | $$  | $$ /      $$| $$  | $$| $$  | $$      | $$\$$ $$      | $$\$$ $$ $$ /      $$| $$   \$$| $$ __ | $$| $$  | $$| $$  | $$| $$      | $$      | $$
| $$ \$$$| $$|  $$$$$$$| $$_____ | $$  | $$|  $$$$$$$| $$__| $$| $$__/ $$      | $$_\$$\       | $$ \$$$| $$|  $$$$$$$| $$      | $$|  \| $$| $$  | $$| $$__/ $$| $$_____ | $$_____ | $$
| $$  \$ | $$ \$$    $$ \$$     \| $$  | $$ \$$    $$ \$$    $$ \$$    $$       \$$  \$$\      | $$  \$ | $$ \$$    $$| $$       \$$  $$| $$| $$  | $$ \$$    $$ \$$     \ \$$     \| $$
 \$$      \$$  \$$$$$$$  \$$$$$$$ \$$   \$$  \$$$$$$$  \$$$$$$$  \$$$$$$         \$$$$ $$       \$$      \$$  \$$$$$$$ \$$        \$$$$  \$$ \$$   \$$  \$$$$$$   \$$$$$$$  \$$$$$$$ \$$


 Powered by Spring Boot 2.7.14


2023-09-14 19:23:56 [&amp#27;[34mINFO &amp#27;[0;39m] [&amp#27;[36mmain&amp#27;[0;39m] &amp#27;[35mc.d.b.i.c.OdontologoServiceTest&amp#27;[0;39m - Starting OdontologoServiceTest using Java 19.0.2 on Juan with PID 13920 (started by jualm in C:\Users\jualm\Desktop\MARTINUCCI_LUISINA-MACHADO_JUAN\clinicaOdontologica)
2023-09-14 19:23:56 [&amp#27;[34mINFO &amp#27;[0;39m] [&amp#27;[36mmain&amp#27;[0;39m] &amp#27;[35mc.d.b.i.c.OdontologoServiceTest&amp#27;[0;39m - No active profile set, falling back to 1 default profile: "default"
2023-09-14 19:23:57 [&amp#27;[34mINFO &amp#27;[0;39m] [&amp#27;[36mmain&amp#27;[0;39m] &amp#27;[35mo.s.d.r.c.RepositoryConfigurationDelegate&amp#27;[0;39m - Bootstrapping Spring Data JPA repositories in DEFAULT mode.
2023-09-14 19:23:57 [&amp#27;[34mINFO &amp#27;[0;39m] [&amp#27;[36mmain&amp#27;[0;39m] &amp#27;[35mo.s.d.r.c.RepositoryConfigurationDelegate&amp#27;[0;39m - Finished Spring Data repository scanning in 36 ms. Found 3 JPA repository interfaces.
2023-09-14 19:23:57 [&amp#27;[34mINFO &amp#27;[0;39m] [&amp#27;[36mmain&amp#27;[0;39m] &amp#27;[35mc.z.h.HikariDataSource&amp#27;[0;39m - HikariPool-2 - Starting...
2023-09-14 19:23:57 [&amp#27;[34mINFO &amp#27;[0;39m] [&amp#27;[36mmain&amp#27;[0;39m] &amp#27;[35mc.z.h.HikariDataSource&amp#27;[0;39m - HikariPool-2 - Start completed.
2023-09-14 19:23:57 [&amp#27;[34mINFO &amp#27;[0;39m] [&amp#27;[36mmain&amp#27;[0;39m] &amp#27;[35mo.s.o.j.LocalContainerEntityManagerFactoryBean&amp#27;[0;39m - Initialized JPA EntityManagerFactory for persistence unit 'default'
2023-09-14 19:23:58 [&amp#27;[31mWARN &amp#27;[0;39m] [&amp#27;[36mmain&amp#27;[0;39m] &amp#27;[35mo.s.b.a.o.j.JpaBaseConfiguration$JpaWebConfiguration&amp#27;[0;39m - spring.jpa.open-in-view is enabled by default. Therefore, database queries may be performed during view rendering. Explicitly configure spring.jpa.open-in-view to disable this warning
2023-09-14 19:23:58 [&amp#27;[34mINFO &amp#27;[0;39m] [&amp#27;[36mmain&amp#27;[0;39m] &amp#27;[35mo.s.b.a.h.H2ConsoleAutoConfiguration&amp#27;[0;39m - H2 console available at '/h2-console'. Database available at 'jdbc:h2:~/clinicaOdontologicaTest'
2023-09-14 19:23:59 [&amp#27;[34mINFO &amp#27;[0;39m] [&amp#27;[36mmain&amp#27;[0;39m] &amp#27;[35mc.d.b.i.c.OdontologoServiceTest&amp#27;[0;39m - Started OdontologoServiceTest in 2.179 seconds (JVM running for 14.624)
2023-09-14 19:23:59 [&amp#27;[34mINFO &amp#27;[0;39m] [&amp#27;[36mmain&amp#27;[0;39m] &amp#27;[35mc.d.b.i.c.s.i.OdontologoService&amp#27;[0;39m - Se ha creado un nuevo Odontologo : OdontologoSalidaDto{id=1, numeroMatricula='AA-123456789', nombreOdontologo='Luciana', apellidoOdontologo='Murga'}
]]></system-out>
  </testcase>
  <testcase name="deberiaRetornarseUnaListaConTresOdontologos" classname="com.digitalhouse.backend.integrador.clinicaOdontologica.OdontologoServiceTest" time="0.258">
    <system-out><![CDATA[2023-09-14 19:23:59 [&amp#27;[34mINFO &amp#27;[0;39m] [&amp#27;[36mmain&amp#27;[0;39m] &amp#27;[35mc.d.b.i.c.s.i.OdontologoService&amp#27;[0;39m - Se ha creado un nuevo Odontologo : OdontologoSalidaDto{id=2, numeroMatricula='AD-154236781', nombreOdontologo='luisina', apellidoOdontologo='martinucci'}
2023-09-14 19:23:59 [&amp#27;[34mINFO &amp#27;[0;39m] [&amp#27;[36mmain&amp#27;[0;39m] &amp#27;[35mc.d.b.i.c.s.i.OdontologoService&amp#27;[0;39m - Se ha creado un nuevo Odontologo : OdontologoSalidaDto{id=3, numeroMatricula='AD-154236782', nombreOdontologo='Juan', apellidoOdontologo='Machado'}
2023-09-14 19:23:59 [&amp#27;[34mINFO &amp#27;[0;39m] [&amp#27;[36mmain&amp#27;[0;39m] &amp#27;[35mc.d.b.i.c.s.i.OdontologoService&amp#27;[0;39m - lista de todos los odontologos disponibles :[OdontologoSalidaDto{id=1, numeroMatricula='AA-123456789', nombreOdontologo='Luciana', apellidoOdontologo='Murga'}, OdontologoSalidaDto{id=2, numeroMatricula='AD-154236781', nombreOdontologo='luisina', apellidoOdontologo='martinucci'}, OdontologoSalidaDto{id=3, numeroMatricula='AD-154236782', nombreOdontologo='Juan', apellidoOdontologo='Machado'}]
]]></system-out>
  </testcase>
  <testcase name="alQuererEliminarElOdontologConId2_DeberiaArrojarResourceNotFound" classname="com.digitalhouse.backend.integrador.clinicaOdontologica.OdontologoServiceTest" time="0.049">
    <system-out><![CDATA[2023-09-14 19:23:59 [&amp#27;[34mINFO &amp#27;[0;39m] [&amp#27;[36mmain&amp#27;[0;39m] &amp#27;[35mc.d.b.i.c.s.i.OdontologoService&amp#27;[0;39m - Se ha encontrado el Odontologo: OdontologoSalidaDto{id=2, numeroMatricula='AD-154236781', nombreOdontologo='luisina', apellidoOdontologo='martinucci'}
2023-09-14 19:23:59 [&amp#27;[31mWARN &amp#27;[0;39m] [&amp#27;[36mmain&amp#27;[0;39m] &amp#27;[35mc.d.b.i.c.s.i.OdontologoService&amp#27;[0;39m - Se ha eliminado el Odontologo con el id: 2
2023-09-14 19:23:59 [&amp#27;[1;31mERROR&amp#27;[0;39m] [&amp#27;[36mmain&amp#27;[0;39m] &amp#27;[35mc.d.b.i.c.s.i.OdontologoService&amp#27;[0;39m - No se ha encontrado un Odontologo en la BDD con ese id
2023-09-14 19:23:59 [&amp#27;[1;31mERROR&amp#27;[0;39m] [&amp#27;[36mmain&amp#27;[0;39m] &amp#27;[35mc.d.b.i.c.s.i.OdontologoService&amp#27;[0;39m - No se ha encontrado un Odontologo en la BDD con el id: 2
]]></system-out>
  </testcase>
</testsuite>