<?xml version="1.0" encoding="UTF-8"?>
<testsuite xmlns:xsi="http://www.w3.org/2001/XMLSchema-instance" xsi:noNamespaceSchemaLocation="https://maven.apache.org/surefire/maven-surefire-plugin/xsd/surefire-test-report-3.0.xsd" version="3.0" name="com.digitalhouse.backend.integrador.clinicaOdontologica.ClinicaOdontologicaApplicationTests" time="9.598" tests="1" errors="1" skipped="0" failures="0">
  <properties>
[...]
</properties>
  <testcase name="contextLoads" classname="com.digitalhouse.backend.integrador.clinicaOdontologica.ClinicaOdontologicaApplicationTests" time="0.021">
    <error type="java.lang.IllegalStateException"><![CDATA[java.lang.IllegalStateException: Failed to load ApplicationContext
Caused by: org.springframework.beans.factory.UnsatisfiedDependencyException: Error creating bean with name 'pacienteController' defined in file [C:\Users\Luli\OneDrive\Desktop\clinicaOdontologicaMM\clinicaOdontologicaMM\clinicaOdontologica\target\classes\com\digitalhouse\backend\integrador\clinicaOdontologica\controller\PacienteController.class]: Unsatisfied dependency expressed through constructor parameter 0; nested exception is org.springframework.beans.factory.UnsatisfiedDependencyException: Error creating bean with name 'pacienteService' defined in file [C:\Users\Luli\OneDrive\Desktop\clinicaOdontologicaMM\clinicaOdontologicaMM\clinicaOdontologica\target\classes\com\digitalhouse\backend\integrador\clinicaOdontologica\service\impl\PacienteService.class]: Unsatisfied dependency expressed through constructor parameter 1; nested exception is org.springframework.beans.factory.NoSuchBeanDefinitionException: No qualifying bean of type 'org.modelmapper.ModelMapper' available: expected at least 1 bean which qualifies as autowire candidate. Dependency annotations: {}
Caused by: org.springframework.beans.factory.UnsatisfiedDependencyException: Error creating bean with name 'pacienteService' defined in file [C:\Users\Luli\OneDrive\Desktop\clinicaOdontologicaMM\clinicaOdontologicaMM\clinicaOdontologica\target\classes\com\digitalhouse\backend\integrador\clinicaOdontologica\service\impl\PacienteService.class]: Unsatisfied dependency expressed through constructor parameter 1; nested exception is org.springframework.beans.factory.NoSuchBeanDefinitionException: No qualifying bean of type 'org.modelmapper.ModelMapper' available: expected at least 1 bean which qualifies as autowire candidate. Dependency annotations: {}
Caused by: org.springframework.beans.factory.NoSuchBeanDefinitionException: No qualifying bean of type 'org.modelmapper.ModelMapper' available: expected at least 1 bean which qualifies as autowire candidate. Dependency annotations: {}
]]></error>
    <system-out><![CDATA[09:57:01.839 [main] DEBUG org.springframework.test.context.BootstrapUtils - Instantiating CacheAwareContextLoaderDelegate from class [org.springframework.test.context.cache.DefaultCacheAwareContextLoaderDelegate]
09:57:01.855 [main] DEBUG org.springframework.test.context.BootstrapUtils - Instantiating BootstrapContext using constructor [public org.springframework.test.context.support.DefaultBootstrapContext(java.lang.Class,org.springframework.test.context.CacheAwareContextLoaderDelegate)]
09:57:01.938 [main] DEBUG org.springframework.test.context.BootstrapUtils - Instantiating TestContextBootstrapper for test class [com.digitalhouse.backend.integrador.clinicaOdontologica.ClinicaOdontologicaApplicationTests] from class [org.springframework.boot.test.context.SpringBootTestContextBootstrapper]
09:57:01.967 [main] INFO org.springframework.boot.test.context.SpringBootTestContextBootstrapper - Neither @ContextConfiguration nor @ContextHierarchy found for test class [com.digitalhouse.backend.integrador.clinicaOdontologica.ClinicaOdontologicaApplicationTests], using SpringBootContextLoader
09:57:01.973 [main] DEBUG org.springframework.test.context.support.AbstractContextLoader - Did not detect default resource location for test class [com.digitalhouse.backend.integrador.clinicaOdontologica.ClinicaOdontologicaApplicationTests]: class path resource [com/digitalhouse/backend/integrador/clinicaOdontologica/ClinicaOdontologicaApplicationTests-context.xml] does not exist
09:57:01.973 [main] DEBUG org.springframework.test.context.support.AbstractContextLoader - Did not detect default resource location for test class [com.digitalhouse.backend.integrador.clinicaOdontologica.ClinicaOdontologicaApplicationTests]: class path resource [com/digitalhouse/backend/integrador/clinicaOdontologica/ClinicaOdontologicaApplicationTestsContext.groovy] does not exist
09:57:01.973 [main] INFO org.springframework.test.context.support.AbstractContextLoader - Could not detect default resource locations for test class [com.digitalhouse.backend.integrador.clinicaOdontologica.ClinicaOdontologicaApplicationTests]: no resource found for suffixes {-context.xml, Context.groovy}.
09:57:01.974 [main] INFO org.springframework.test.context.support.AnnotationConfigContextLoaderUtils - Could not detect default configuration classes for test class [com.digitalhouse.backend.integrador.clinicaOdontologica.ClinicaOdontologicaApplicationTests]: ClinicaOdontologicaApplicationTests does not declare any static, non-private, non-final, nested classes annotated with @Configuration.
09:57:02.090 [main] DEBUG org.springframework.test.context.support.ActiveProfilesUtils - Could not find an 'annotation declaring class' for annotation type [org.springframework.test.context.ActiveProfiles] and class [com.digitalhouse.backend.integrador.clinicaOdontologica.ClinicaOdontologicaApplicationTests]
09:57:02.273 [main] DEBUG org.springframework.context.annotation.ClassPathScanningCandidateComponentProvider - Identified candidate component class: file [C:\Users\Luli\OneDrive\Desktop\clinicaOdontologicaMM\clinicaOdontologicaMM\clinicaOdontologica\target\classes\com\digitalhouse\backend\integrador\clinicaOdontologica\ClinicaOdontologicaApplication.class]
09:57:02.276 [main] INFO org.springframework.boot.test.context.SpringBootTestContextBootstrapper - Found @SpringBootConfiguration com.digitalhouse.backend.integrador.clinicaOdontologica.ClinicaOdontologicaApplication for test class com.digitalhouse.backend.integrador.clinicaOdontologica.ClinicaOdontologicaApplicationTests
09:57:02.496 [main] DEBUG org.springframework.boot.test.context.SpringBootTestContextBootstrapper - @TestExecutionListeners is not present for class [com.digitalhouse.backend.integrador.clinicaOdontologica.ClinicaOdontologicaApplicationTests]: using defaults.
09:57:02.497 [main] INFO org.springframework.boot.test.context.SpringBootTestContextBootstrapper - Loaded default TestExecutionListener class names from location [META-INF/spring.factories]: [org.springframework.boot.test.mock.mockito.MockitoTestExecutionListener, org.springframework.boot.test.mock.mockito.ResetMocksTestExecutionListener, org.springframework.boot.test.autoconfigure.restdocs.RestDocsTestExecutionListener, org.springframework.boot.test.autoconfigure.web.client.MockRestServiceServerResetTestExecutionListener, org.springframework.boot.test.autoconfigure.web.servlet.MockMvcPrintOnlyOnFailureTestExecutionListener, org.springframework.boot.test.autoconfigure.web.servlet.WebDriverTestExecutionListener, org.springframework.boot.test.autoconfigure.webservices.client.MockWebServiceServerTestExecutionListener, org.springframework.test.context.web.ServletTestExecutionListener, org.springframework.test.context.support.DirtiesContextBeforeModesTestExecutionListener, org.springframework.test.context.event.ApplicationEventsTestExecutionListener, org.springframework.test.context.support.DependencyInjectionTestExecutionListener, org.springframework.test.context.support.DirtiesContextTestExecutionListener, org.springframework.test.context.transaction.TransactionalTestExecutionListener, org.springframework.test.context.jdbc.SqlScriptsTestExecutionListener, org.springframework.test.context.event.EventPublishingTestExecutionListener]
09:57:02.534 [main] INFO org.springframework.boot.test.context.SpringBootTestContextBootstrapper - Using TestExecutionListeners: [org.springframework.test.context.web.ServletTestExecutionListener@6f63b475, org.springframework.test.context.support.DirtiesContextBeforeModesTestExecutionListener@554e218, org.springframework.test.context.event.ApplicationEventsTestExecutionListener@1608bcbd, org.springframework.boot.test.mock.mockito.MockitoTestExecutionListener@5bf8fa12, org.springframework.boot.test.autoconfigure.SpringBootDependencyInjectionTestExecutionListener@29ca3d04, org.springframework.test.context.support.DirtiesContextTestExecutionListener@b2c5e07, org.springframework.test.context.transaction.TransactionalTestExecutionListener@5812f68b, org.springframework.test.context.jdbc.SqlScriptsTestExecutionListener@4426bff1, org.springframework.test.context.event.EventPublishingTestExecutionListener@3c7c886c, org.springframework.boot.test.mock.mockito.ResetMocksTestExecutionListener@55493582, org.springframework.boot.test.autoconfigure.restdocs.RestDocsTestExecutionListener@1a20270e, org.springframework.boot.test.autoconfigure.web.client.MockRestServiceServerResetTestExecutionListener@6b88ca8c, org.springframework.boot.test.autoconfigure.web.servlet.MockMvcPrintOnlyOnFailureTestExecutionListener@336f1079, org.springframework.boot.test.autoconfigure.web.servlet.WebDriverTestExecutionListener@2f16c6b3, org.springframework.boot.test.autoconfigure.webservices.client.MockWebServiceServerTestExecutionListener@34158c08]
09:57:02.540 [main] DEBUG org.springframework.test.context.support.AbstractDirtiesContextTestExecutionListener - Before test class: context [DefaultTestContext@6eb2384f testClass = ClinicaOdontologicaApplicationTests, testInstance = [null], testMethod = [null], testException = [null], mergedContextConfiguration = [WebMergedContextConfiguration@3c9c0d96 testClass = ClinicaOdontologicaApplicationTests, locations = '{}', classes = '{class com.digitalhouse.backend.integrador.clinicaOdontologica.ClinicaOdontologicaApplication}', contextInitializerClasses = '[]', activeProfiles = '{}', propertySourceLocations = '{}', propertySourceProperties = '{org.springframework.boot.test.context.SpringBootTestContextBootstrapper=true}', contextCustomizers = set[org.springframework.boot.test.context.filter.ExcludeFilterContextCustomizer@273e7444, org.springframework.boot.test.json.DuplicateJsonObjectContextCustomizerFactory$DuplicateJsonObjectContextCustomizer@771a660, org.springframework.boot.test.mock.mockito.MockitoContextCustomizer@0, org.springframework.boot.test.web.client.TestRestTemplateContextCustomizer@5824a83d, org.springframework.boot.test.autoconfigure.actuate.metrics.MetricsExportContextCustomizerFactory$DisableMetricExportContextCustomizer@4b45a2f5, org.springframework.boot.test.autoconfigure.properties.PropertyMappingContextCustomizer@0, org.springframework.boot.test.autoconfigure.web.servlet.WebDriverContextCustomizerFactory$Customizer@26d9b808, org.springframework.boot.test.context.SpringBootTestArgs@1, org.springframework.boot.test.context.SpringBootTestWebEnvironment@376b4233], resourceBasePath = 'src/main/webapp', contextLoader = 'org.springframework.boot.test.context.SpringBootContextLoader', parent = [null]], attributes = map['org.springframework.test.context.web.ServletTestExecutionListener.activateListener' -> true]], class annotated with @DirtiesContext [false] with mode [null].
  ______   __      _             _____      _                       _   __        _
 / _____)_/_/     (_)           / ___ \    | |            _        | | /_/       (_)
| /     | |_ ____  _  ____ ____| |   | | _ | | ___  ____ | |_  ___ | | ___   ____ _  ____ ____
| |     | | |  _ \| |/ ___) _  | |   | |/ || |/ _ \|  _ \|  _)/ _ \| |/ _ \ / _  | |/ ___) _  |
| \_____| | | | | | ( (__( ( | | |___| ( (_| | |_| | | | | |_| |_| | | |_| ( ( | | ( (__( ( | |
 \______)_|_|_| |_|_|\____)_||_|\_____/ \____|\___/|_| |_|\___)___/|_|\___/ \_|| |_|\____)_||_|
                                                                           (_____|
  __  __            _               _                  __  __            _   _                      _
 |  \/  |          | |             | |         ___    |  \/  |          | | (_)                    (_)
 | \  / | __ _  ___| |__   __ _  __| | ___    ( _ )   | \  / | __ _ _ __| |_ _ _ __  _   _  ___ ___ _
 | |\/| |/ _` |/ __| '_ \ / _` |/ _` |/ _ \   / _ \/\ | |\/| |/ _` | '__| __| | '_ \| | | |/ __/ __| |
 | |  | | (_| | (__| | | | (_| | (_| | (_) | | (_>  < | |  | | (_| | |  | |_| | | | | |_| | (_| (__| |
 |_|  |_|\__,_|\___|_| |_|\__,_|\__,_|\___/   \___/\/ |_|  |_|\__,_|_|   \__|_|_| |_|\__,_|\___\___|_|
                    _               _          ___                       _   _                      _
   /\/\   __ _  ___| |__   __ _  __| | ___    ( _ )     /\/\   __ _ _ __| |_(_)_ __  _   _  ___ ___(_)
  /    \ / _` |/ __| '_ \ / _` |/ _` |/ _ \   / _ \/\  /    \ / _` | '__| __| | '_ \| | | |/ __/ __| |
 / /\/\ \ (_| | (__| | | | (_| | (_| | (_) | | (_>  < / /\/\ \ (_| | |  | |_| | | | | |_| | (_| (__| |
 \/    \/\__,_|\___|_| |_|\__,_|\__,_|\___/   \___/\/ \/    \/\__,_|_|   \__|_|_| |_|\__,_|\___\___|_|

 ______              _               _           ___      ______                   _                        _
|  ___ \            | |             | |         / _ \    |  ___ \             _   (_)                      (_)
| | _ | | ____  ____| | _   ____  _ | | ___    ( (_) )   | | _ | | ____  ____| |_  _ ____  _   _  ____ ____ _
| || || |/ _  |/ ___) || \ / _  |/ || |/ _ \    ) _ (    | || || |/ _  |/ ___)  _)| |  _ \| | | |/ ___) ___) |
| || || ( ( | ( (___| | | ( ( | ( (_| | |_| |  ( (/  \   | || || ( ( | | |   | |__| | | | | |_| ( (__( (___| |
|_||_||_|\_||_|\____)_| |_|\_||_|\____|\___/    \__/\_)  |_||_||_|\_||_|_|    \___)_|_| |_|\____|\____)____)_|

______  ___            ______        _________           ______        ______  ___             __________                          _____
___   |/  /_____ _________  /_______ ______  /_____      __( _ )       ___   |/  /_____ _________  /___(_)__________  ________________(_)
__  /|_/ /_  __ `/  ___/_  __ \  __ `/  __  /_  __ \     _  __ \/|     __  /|_/ /_  __ `/_  ___/  __/_  /__  __ \  / / /  ___/  ___/_  /
_  /  / / / /_/ // /__ _  / / / /_/ // /_/ / / /_/ /     / /_/  <      _  /  / / / /_/ /_  /   / /_ _  / _  / / / /_/ // /__ / /__ _  /
/_/  /_/  \__,_/ \___/ /_/ /_/\__,_/ \__,_/  \____/      \____/\/      /_/  /_/  \__,_/ /_/    \__/ /_/  /_/ /_/\__,_/ \___/ \___/ /_/

                      _                 _            _____                         _
 /'\_/`\             ( )               ( )          (  _  )     /'\_/`\           ( )_ _                            _
 |     |   _ _    ___| |__     _ _    _| |   _      `\  ,/'     |     |   _ _ _ __| ,_|_) ___   _   _    ___    ___(_)
 | (_) | /'_` ) /'___)  _ `\ /'_` ) /'_` | /'_`\     /'_`\/\    | (_) | /'_` | '__) | | /' _ `\( ) ( ) /'___) /'___) |
 | | | |( (_| |( (___| | | |( (_| |( (_| |( (_) )   | (_> ,<`   | | | |( (_| | |  | |_| | ( ) || (_) |( (___ ( (___| |
 (_) (_)`\__,_)`\____|_) (_)`\__,_)`\__,_)`\___/'   `\___/\/'   (_) (_)`\__,_|_)  `\__|_|_) (_)`\___/'`\____)`\____|_)

 |\   _ \  _   \|\   __  \|\   ____\|\  \|\  \|\   __  \|\   ___ \|\   __  \        |\   __  \           |\   _ \  _   \|\   __  \|\   __  \|\___   ___\\  \|\   ___  \|\  \|\  \|\   ____\|\   ____\|\  \
 \ \  \\\__\ \  \ \  \|\  \ \  \___|\ \  \\\  \ \  \|\  \ \  \_|\ \ \  \|\  \       \ \  \|\  \  /\      \ \  \\\__\ \  \ \  \|\  \ \  \|\  \|___ \  \_\ \  \ \  \\ \  \ \  \\\  \ \  \___|\ \  \___|\ \  \
  \ \  \\|__| \  \ \   __  \ \  \    \ \   __  \ \   __  \ \  \ \\ \ \  \\\  \       \ \__     \/  \      \ \  \\|__| \  \ \   __  \ \   _  _\   \ \  \ \ \  \ \  \\ \  \ \  \\\  \ \  \    \ \  \    \ \  \
   \ \  \    \ \  \ \  \ \  \ \  \____\ \  \ \  \ \  \ \  \ \  \_\\ \ \  \\\  \       \|_/  __     /|      \ \  \    \ \  \ \  \ \  \ \  \\  \|   \ \  \ \ \  \ \  \\ \  \ \  \\\  \ \  \____\ \  \____\ \  \
    \ \__\    \ \__\ \__\ \__\ \_______\ \__\ \__\ \__\ \__\ \_______\ \_______\        /  /_|\   / /       \ \__\    \ \__\ \__\ \__\ \__\\ _\    \ \__\ \ \__\ \__\\ \__\ \_______\ \_______\ \_______\ \__\
     \|__|     \|__|\|__|\|__|\|_______|\|__|\|__|\|__|\|__|\|_______|\|_______|       /_______   \/         \|__|     \|__|\|__|\|__|\|__|\|__|    \|__|  \|__|\|__| \|__|\|_______|\|_______|\|_______|\|__|
                                                                                       |_______|\__\

 ____    ____               __                   __            ___        ____    ____               _    _                                 _
|_   \  /   _|             [  |                 |  ]         .' _ '.     |_   \  /   _|             / |_ (_)                               (_)
  |   \/   |  ,--.   .---.  | |--.  ,--.    .--.| |  .--.    | (_) '___    |   \/   |  ,--.  _ .--.`| |-'__  _ .--.  __   _   .---. .---.  __
  | |\  /| | `'_\ : / /'`\] | .-. |`'_\ : / /'`\' |/ .'`\ \  .`___'/ _/    | |\  /| | `'_\ :[ `/'`\]| | [  |[ `.-. |[  | | | / /'`\] /'`\][  |
 _| |_\/_| |_// | |,| \__.  | | | |// | |,| \__/  || \__. | | (___)  \_   _| |_\/_| |_// | |,| |    | |, | | | | | | | \_/ |,| \__.| \__.  | |
|_____||_____\'-;__/'.___.'[___]|__]'-;__/ '.__.;__]'.__.'  `._____.\__| |_____||_____\'-;__[___]   \__/[___|___||__]'.__.'_/'.___.'.___.'[___]                                                                                                \|__|

.___  ___.      ___       ______  __    __       ___       _______   ______                .___  ___.      ___      .______     .___________. __  .__   __.  __    __    ______   ______  __
|   \/   |     /   \     /      ||  |  |  |     /   \     |       \ /  __  \      ___      |   \/   |     /   \     |   _  \    |           ||  | |  \ |  | |  |  |  |  /      | /      ||  |
|  \  /  |    /  ^  \   |  ,----'|  |__|  |    /  ^  \    |  .--.  |  |  |  |    ( _ )     |  \  /  |    /  ^  \    |  |_)  |   `---|  |----`|  | |   \|  | |  |  |  | |  ,----'|  ,----'|  |
|  |\/|  |   /  /_\  \  |  |     |   __   |   /  /_\  \   |  |  |  |  |  |  |    / _ \/\   |  |\/|  |   /  /_\  \   |      /        |  |     |  | |  . `  | |  |  |  | |  |     |  |     |  |
|  |  |  |  /  _____  \ |  `----.|  |  |  |  /  _____  \  |  '--'  |  `--'  |   | (_>  <   |  |  |  |  /  _____  \  |  |\  \----.   |  |     |  | |  |\   | |  `--'  | |  `----.|  `----.|  |
|__|  |__| /__/     \__\ \______||__|  |__| /__/     \__\ |_______/ \______/     \___/\/   |__|  |__| /__/     \__\ | _| `._____|   |__|     |__| |__| \__|  \______/   \______| \______||__|

  __  __            _               _          ___     __  __            _   _                      _
 |  \/  | __ _  ___| |__   __ _  __| | ___    ( _ )   |  \/  | __ _ _ __| |_(_)_ __  _   _  ___ ___(_)
 | |\/| |/ _` |/ __| '_ \ / _` |/ _` |/ _ \   / _ \/\ | |\/| |/ _` | '__| __| | '_ \| | | |/ __/ __| |
 | |  | | (_| | (__| | | | (_| | (_| | (_) | | (_>  < | |  | | (_| | |  | |_| | | | | |_| | (_| (__| |
 |_|  |_|\__,_|\___|_| |_|\__,_|\__,_|\___/   \___/\/ |_|  |_|\__,_|_|   \__|_|_| |_|\__,_|\___\___|_|

 __       __                      __                        __                   ___            __       __                      __      __                                          __
|  \     /  \                    |  \                      |  \                 /   \          |  \     /  \                    |  \    |  \                                        |  \
| $$\   /  $$  ______    _______ | $$____    ______    ____| $$  ______        |  $$$\         | $$\   /  $$  ______    ______ _| $$_    \$$ _______   __    __   _______   _______  \$$
| $$$\ /  $$$ |      \  /       \| $$    \  |      \  /      $$ /      \        \$$ $$__       | $$$\ /  $$$ |      \  /      \   $$ \  |  \|       \ |  \  |  \ /       \ /       \|  \
| $$$$\  $$$$  \$$$$$$\|  $$$$$$$| $$$$$$$\  \$$$$$$\|  $$$$$$$|  $$$$$$\      | \$$$/  \      | $$$$\  $$$$  \$$$$$$\|  $$$$$$\$$$$$$  | $$| $$$$$$$\| $$  | $$|  $$$$$$$|  $$$$$$$| $$
| $$\$$ $$ $$ /      $$| $$      | $$  | $$ /      $$| $$  | $$| $$  | $$      | $$\$$ $$      | $$\$$ $$ $$ /      $$| $$   \$$| $$ __ | $$| $$  | $$| $$  | $$| $$      | $$      | $$
| $$ \$$$| $$|  $$$$$$$| $$_____ | $$  | $$|  $$$$$$$| $$__| $$| $$__/ $$      | $$_\$$\       | $$ \$$$| $$|  $$$$$$$| $$      | $$|  \| $$| $$  | $$| $$__/ $$| $$_____ | $$_____ | $$
| $$  \$ | $$ \$$    $$ \$$     \| $$  | $$ \$$    $$ \$$    $$ \$$    $$       \$$  \$$\      | $$  \$ | $$ \$$    $$| $$       \$$  $$| $$| $$  | $$ \$$    $$ \$$     \ \$$     \| $$
 \$$      \$$  \$$$$$$$  \$$$$$$$ \$$   \$$  \$$$$$$$  \$$$$$$$  \$$$$$$         \$$$$ $$       \$$      \$$  \$$$$$$$ \$$        \$$$$  \$$ \$$   \$$  \$$$$$$   \$$$$$$$  \$$$$$$$ \$$


 Powered by Spring Boot 2.7.14


2023-09-09 09:57:03 [&amp#27;[34mINFO &amp#27;[0;39m] [&amp#27;[36mmain&amp#27;[0;39m] &amp#27;[35mc.d.b.i.c.ClinicaOdontologicaApplicationTests&amp#27;[0;39m - Starting ClinicaOdontologicaApplicationTests using Java 19.0.2 on LAPTOP-SO6HAH2L with PID 19916 (started by Luli in C:\Users\Luli\OneDrive\Desktop\clinicaOdontologicaMM\clinicaOdontologicaMM\clinicaOdontologica)
2023-09-09 09:57:03 [&amp#27;[34mINFO &amp#27;[0;39m] [&amp#27;[36mmain&amp#27;[0;39m] &amp#27;[35mc.d.b.i.c.ClinicaOdontologicaApplicationTests&amp#27;[0;39m - No active profile set, falling back to 1 default profile: "default"
2023-09-09 09:57:05 [&amp#27;[34mINFO &amp#27;[0;39m] [&amp#27;[36mmain&amp#27;[0;39m] &amp#27;[35mo.s.d.r.c.RepositoryConfigurationDelegate&amp#27;[0;39m - Bootstrapping Spring Data JPA repositories in DEFAULT mode.
2023-09-09 09:57:05 [&amp#27;[34mINFO &amp#27;[0;39m] [&amp#27;[36mmain&amp#27;[0;39m] &amp#27;[35mo.s.d.r.c.RepositoryConfigurationDelegate&amp#27;[0;39m - Finished Spring Data repository scanning in 140 ms. Found 3 JPA repository interfaces.
2023-09-09 09:57:07 [&amp#27;[34mINFO &amp#27;[0;39m] [&amp#27;[36mmain&amp#27;[0;39m] &amp#27;[35mc.z.h.HikariDataSource&amp#27;[0;39m - HikariPool-1 - Starting...
2023-09-09 09:57:08 [&amp#27;[34mINFO &amp#27;[0;39m] [&amp#27;[36mmain&amp#27;[0;39m] &amp#27;[35mc.z.h.HikariDataSource&amp#27;[0;39m - HikariPool-1 - Start completed.
2023-09-09 09:57:10 [&amp#27;[34mINFO &amp#27;[0;39m] [&amp#27;[36mmain&amp#27;[0;39m] &amp#27;[35mo.s.o.j.LocalContainerEntityManagerFactoryBean&amp#27;[0;39m - Initialized JPA EntityManagerFactory for persistence unit 'default'
2023-09-09 09:57:11 [&amp#27;[31mWARN &amp#27;[0;39m] [&amp#27;[36mmain&amp#27;[0;39m] &amp#27;[35mo.s.w.c.s.GenericWebApplicationContext&amp#27;[0;39m - Exception encountered during context initialization - cancelling refresh attempt: org.springframework.beans.factory.UnsatisfiedDependencyException: Error creating bean with name 'pacienteController' defined in file [C:\Users\Luli\OneDrive\Desktop\clinicaOdontologicaMM\clinicaOdontologicaMM\clinicaOdontologica\target\classes\com\digitalhouse\backend\integrador\clinicaOdontologica\controller\PacienteController.class]: Unsatisfied dependency expressed through constructor parameter 0; nested exception is org.springframework.beans.factory.UnsatisfiedDependencyException: Error creating bean with name 'pacienteService' defined in file [C:\Users\Luli\OneDrive\Desktop\clinicaOdontologicaMM\clinicaOdontologicaMM\clinicaOdontologica\target\classes\com\digitalhouse\backend\integrador\clinicaOdontologica\service\impl\PacienteService.class]: Unsatisfied dependency expressed through constructor parameter 1; nested exception is org.springframework.beans.factory.NoSuchBeanDefinitionException: No qualifying bean of type 'org.modelmapper.ModelMapper' available: expected at least 1 bean which qualifies as autowire candidate. Dependency annotations: {}
2023-09-09 09:57:11 [&amp#27;[34mINFO &amp#27;[0;39m] [&amp#27;[36mmain&amp#27;[0;39m] &amp#27;[35mo.s.o.j.LocalContainerEntityManagerFactoryBean&amp#27;[0;39m - Closing JPA EntityManagerFactory for persistence unit 'default'
2023-09-09 09:57:11 [&amp#27;[34mINFO &amp#27;[0;39m] [&amp#27;[36mmain&amp#27;[0;39m] &amp#27;[35mc.z.h.HikariDataSource&amp#27;[0;39m - HikariPool-1 - Shutdown initiated...
2023-09-09 09:57:11 [&amp#27;[34mINFO &amp#27;[0;39m] [&amp#27;[36mmain&amp#27;[0;39m] &amp#27;[35mc.z.h.HikariDataSource&amp#27;[0;39m - HikariPool-1 - Shutdown completed.
2023-09-09 09:57:11 [&amp#27;[34mINFO &amp#27;[0;39m] [&amp#27;[36mmain&amp#27;[0;39m] &amp#27;[35mo.s.b.a.l.ConditionEvaluationReportLoggingListener&amp#27;[0;39m - 

Error starting ApplicationContext. To display the conditions report re-run your application with 'debug' enabled.
2023-09-09 09:57:11 [&amp#27;[1;31mERROR&amp#27;[0;39m] [&amp#27;[36mmain&amp#27;[0;39m] &amp#27;[35mo.s.b.d.LoggingFailureAnalysisReporter&amp#27;[0;39m - 

***************************
APPLICATION FAILED TO START
***************************

Description:

Parameter 1 of constructor in com.digitalhouse.backend.integrador.clinicaOdontologica.service.impl.PacienteService required a bean of type 'org.modelmapper.ModelMapper' that could not be found.


Action:

Consider defining a bean of type 'org.modelmapper.ModelMapper' in your configuration.

2023-09-09 09:57:11 [&amp#27;[1;31mERROR&amp#27;[0;39m] [&amp#27;[36mmain&amp#27;[0;39m] &amp#27;[35mo.s.t.c.TestContextManager&amp#27;[0;39m - Caught exception while allowing TestExecutionListener [org.springframework.test.context.web.ServletTestExecutionListener@6f63b475] to prepare test instance [com.digitalhouse.backend.integrador.clinicaOdontologica.ClinicaOdontologicaApplicationTests@37ade216]
java.lang.IllegalStateException: Failed to load ApplicationContext
	at org.springframework.test.context.cache.DefaultCacheAwareContextLoaderDelegate.loadContext(DefaultCacheAwareContextLoaderDelegate.java:98)
	at org.springframework.test.context.support.DefaultTestContext.getApplicationContext(DefaultTestContext.java:124)
	at org.springframework.test.context.web.ServletTestExecutionListener.setUpRequestContextIfNecessary(ServletTestExecutionListener.java:190)
	at org.springframework.test.context.web.ServletTestExecutionListener.prepareTestInstance(ServletTestExecutionListener.java:132)
	at org.springframework.test.context.TestContextManager.prepareTestInstance(TestContextManager.java:248)
	at org.springframework.test.context.junit.jupiter.SpringExtension.postProcessTestInstance(SpringExtension.java:138)
	at org.junit.jupiter.engine.descriptor.ClassBasedTestDescriptor.lambda$invokeTestInstancePostProcessors$8(ClassBasedTestDescriptor.java:363)
	at org.junit.jupiter.engine.descriptor.ClassBasedTestDescriptor.executeAndMaskThrowable(ClassBasedTestDescriptor.java:368)
	at org.junit.jupiter.engine.descriptor.ClassBasedTestDescriptor.lambda$invokeTestInstancePostProcessors$9(ClassBasedTestDescriptor.java:363)
	at java.base/java.util.stream.ReferencePipeline$3$1.accept(ReferencePipeline.java:197)
	at java.base/java.util.stream.ReferencePipeline$2$1.accept(ReferencePipeline.java:179)
	at java.base/java.util.ArrayList$ArrayListSpliterator.forEachRemaining(ArrayList.java:1625)
	at java.base/java.util.stream.AbstractPipeline.copyInto(AbstractPipeline.java:509)
	at java.base/java.util.stream.AbstractPipeline.wrapAndCopyInto(AbstractPipeline.java:499)
	at java.base/java.util.stream.StreamSpliterators$WrappingSpliterator.forEachRemaining(StreamSpliterators.java:310)
	at java.base/java.util.stream.Streams$ConcatSpliterator.forEachRemaining(Streams.java:735)
	at java.base/java.util.stream.Streams$ConcatSpliterator.forEachRemaining(Streams.java:734)
	at java.base/java.util.stream.ReferencePipeline$Head.forEach(ReferencePipeline.java:762)
	at org.junit.jupiter.engine.descriptor.ClassBasedTestDescriptor.invokeTestInstancePostProcessors(ClassBasedTestDescriptor.java:362)
	at org.junit.jupiter.engine.descriptor.ClassBasedTestDescriptor.lambda$instantiateAndPostProcessTestInstance$6(ClassBasedTestDescriptor.java:283)
	at org.junit.platform.engine.support.hierarchical.ThrowableCollector.execute(ThrowableCollector.java:73)
	at org.junit.jupiter.engine.descriptor.ClassBasedTestDescriptor.instantiateAndPostProcessTestInstance(ClassBasedTestDescriptor.java:282)
	at org.junit.jupiter.engine.descriptor.ClassBasedTestDescriptor.lambda$testInstancesProvider$4(ClassBasedTestDescriptor.java:272)
	at java.base/java.util.Optional.orElseGet(Optional.java:364)
	at org.junit.jupiter.engine.descriptor.ClassBasedTestDescriptor.lambda$testInstancesProvider$5(ClassBasedTestDescriptor.java:271)
	at org.junit.jupiter.engine.execution.TestInstancesProvider.getTestInstances(TestInstancesProvider.java:31)
	at org.junit.jupiter.engine.descriptor.TestMethodTestDescriptor.lambda$prepare$0(TestMethodTestDescriptor.java:102)
	at org.junit.platform.engine.support.hierarchical.ThrowableCollector.execute(ThrowableCollector.java:73)
	at org.junit.jupiter.engine.descriptor.TestMethodTestDescriptor.prepare(TestMethodTestDescriptor.java:101)
	at org.junit.jupiter.engine.descriptor.TestMethodTestDescriptor.prepare(TestMethodTestDescriptor.java:66)
	at org.junit.platform.engine.support.hierarchical.NodeTestTask.lambda$prepare$2(NodeTestTask.java:123)
	at org.junit.platform.engine.support.hierarchical.ThrowableCollector.execute(ThrowableCollector.java:73)
	at org.junit.platform.engine.support.hierarchical.NodeTestTask.prepare(NodeTestTask.java:123)
	at org.junit.platform.engine.support.hierarchical.NodeTestTask.execute(NodeTestTask.java:90)
	at java.base/java.util.ArrayList.forEach(ArrayList.java:1511)
	at org.junit.platform.engine.support.hierarchical.SameThreadHierarchicalTestExecutorService.invokeAll(SameThreadHierarchicalTestExecutorService.java:41)
	at org.junit.platform.engine.support.hierarchical.NodeTestTask.lambda$executeRecursively$6(NodeTestTask.java:155)
	at org.junit.platform.engine.support.hierarchical.ThrowableCollector.execute(ThrowableCollector.java:73)
	at org.junit.platform.engine.support.hierarchical.NodeTestTask.lambda$executeRecursively$8(NodeTestTask.java:141)
	at org.junit.platform.engine.support.hierarchical.Node.around(Node.java:137)
	at org.junit.platform.engine.support.hierarchical.NodeTestTask.lambda$executeRecursively$9(NodeTestTask.java:139)
	at org.junit.platform.engine.support.hierarchical.ThrowableCollector.execute(ThrowableCollector.java:73)
	at org.junit.platform.engine.support.hierarchical.NodeTestTask.executeRecursively(NodeTestTask.java:138)
	at org.junit.platform.engine.support.hierarchical.NodeTestTask.execute(NodeTestTask.java:95)
	at java.base/java.util.ArrayList.forEach(ArrayList.java:1511)
	at org.junit.platform.engine.support.hierarchical.SameThreadHierarchicalTestExecutorService.invokeAll(SameThreadHierarchicalTestExecutorService.java:41)
	at org.junit.platform.engine.support.hierarchical.NodeTestTask.lambda$executeRecursively$6(NodeTestTask.java:155)
	at org.junit.platform.engine.support.hierarchical.ThrowableCollector.execute(ThrowableCollector.java:73)
	at org.junit.platform.engine.support.hierarchical.NodeTestTask.lambda$executeRecursively$8(NodeTestTask.java:141)
	at org.junit.platform.engine.support.hierarchical.Node.around(Node.java:137)
	at org.junit.platform.engine.support.hierarchical.NodeTestTask.lambda$executeRecursively$9(NodeTestTask.java:139)
	at org.junit.platform.engine.support.hierarchical.ThrowableCollector.execute(ThrowableCollector.java:73)
	at org.junit.platform.engine.support.hierarchical.NodeTestTask.executeRecursively(NodeTestTask.java:138)
	at org.junit.platform.engine.support.hierarchical.NodeTestTask.execute(NodeTestTask.java:95)
	at org.junit.platform.engine.support.hierarchical.SameThreadHierarchicalTestExecutorService.submit(SameThreadHierarchicalTestExecutorService.java:35)
	at org.junit.platform.engine.support.hierarchical.HierarchicalTestExecutor.execute(HierarchicalTestExecutor.java:57)
	at org.junit.platform.engine.support.hierarchical.HierarchicalTestEngine.execute(HierarchicalTestEngine.java:54)
	at org.junit.platform.launcher.core.EngineExecutionOrchestrator.execute(EngineExecutionOrchestrator.java:107)
	at org.junit.platform.launcher.core.EngineExecutionOrchestrator.execute(EngineExecutionOrchestrator.java:88)
	at org.junit.platform.launcher.core.EngineExecutionOrchestrator.lambda$execute$0(EngineExecutionOrchestrator.java:54)
	at org.junit.platform.launcher.core.EngineExecutionOrchestrator.withInterceptedStreams(EngineExecutionOrchestrator.java:67)
	at org.junit.platform.launcher.core.EngineExecutionOrchestrator.execute(EngineExecutionOrchestrator.java:52)
	at org.junit.platform.launcher.core.DefaultLauncher.execute(DefaultLauncher.java:114)
	at org.junit.platform.launcher.core.DefaultLauncher.execute(DefaultLauncher.java:86)
	at org.junit.platform.launcher.core.DefaultLauncherSession$DelegatingLauncher.execute(DefaultLauncherSession.java:86)
	at org.junit.platform.launcher.core.SessionPerRequestLauncher.execute(SessionPerRequestLauncher.java:53)
	at org.apache.maven.surefire.junitplatform.JUnitPlatformProvider.execute(JUnitPlatformProvider.java:188)
	at org.apache.maven.surefire.junitplatform.JUnitPlatformProvider.invokeAllTests(JUnitPlatformProvider.java:154)
	at org.apache.maven.surefire.junitplatform.JUnitPlatformProvider.invoke(JUnitPlatformProvider.java:128)
	at org.apache.maven.surefire.booter.ForkedBooter.runSuitesInProcess(ForkedBooter.java:428)
	at org.apache.maven.surefire.booter.ForkedBooter.execute(ForkedBooter.java:162)
	at org.apache.maven.surefire.booter.ForkedBooter.run(ForkedBooter.java:562)
	at org.apache.maven.surefire.booter.ForkedBooter.main(ForkedBooter.java:548)
Caused by: org.springframework.beans.factory.UnsatisfiedDependencyException: Error creating bean with name 'pacienteController' defined in file [C:\Users\Luli\OneDrive\Desktop\clinicaOdontologicaMM\clinicaOdontologicaMM\clinicaOdontologica\target\classes\com\digitalhouse\backend\integrador\clinicaOdontologica\controller\PacienteController.class]: Unsatisfied dependency expressed through constructor parameter 0; nested exception is org.springframework.beans.factory.UnsatisfiedDependencyException: Error creating bean with name 'pacienteService' defined in file [C:\Users\Luli\OneDrive\Desktop\clinicaOdontologicaMM\clinicaOdontologicaMM\clinicaOdontologica\target\classes\com\digitalhouse\backend\integrador\clinicaOdontologica\service\impl\PacienteService.class]: Unsatisfied dependency expressed through constructor parameter 1; nested exception is org.springframework.beans.factory.NoSuchBeanDefinitionException: No qualifying bean of type 'org.modelmapper.ModelMapper' available: expected at least 1 bean which qualifies as autowire candidate. Dependency annotations: {}
	at org.springframework.beans.factory.support.ConstructorResolver.createArgumentArray(ConstructorResolver.java:800)
	at org.springframework.beans.factory.support.ConstructorResolver.autowireConstructor(ConstructorResolver.java:229)
	at org.springframework.beans.factory.support.AbstractAutowireCapableBeanFactory.autowireConstructor(AbstractAutowireCapableBeanFactory.java:1372)
	at org.springframework.beans.factory.support.AbstractAutowireCapableBeanFactory.createBeanInstance(AbstractAutowireCapableBeanFactory.java:1222)
	at org.springframework.beans.factory.support.AbstractAutowireCapableBeanFactory.doCreateBean(AbstractAutowireCapableBeanFactory.java:582)
	at org.springframework.beans.factory.support.AbstractAutowireCapableBeanFactory.createBean(AbstractAutowireCapableBeanFactory.java:542)
	at org.springframework.beans.factory.support.AbstractBeanFactory.lambda$doGetBean$0(AbstractBeanFactory.java:335)
	at org.springframework.beans.factory.support.DefaultSingletonBeanRegistry.getSingleton(DefaultSingletonBeanRegistry.java:234)
	at org.springframework.beans.factory.support.AbstractBeanFactory.doGetBean(AbstractBeanFactory.java:333)
	at org.springframework.beans.factory.support.AbstractBeanFactory.getBean(AbstractBeanFactory.java:208)
	at org.springframework.beans.factory.support.DefaultListableBeanFactory.preInstantiateSingletons(DefaultListableBeanFactory.java:955)
	at org.springframework.context.support.AbstractApplicationContext.finishBeanFactoryInitialization(AbstractApplicationContext.java:921)
	at org.springframework.context.support.AbstractApplicationContext.refresh(AbstractApplicationContext.java:583)
	at org.springframework.boot.SpringApplication.refresh(SpringApplication.java:731)
	at org.springframework.boot.SpringApplication.refreshContext(SpringApplication.java:408)
	at org.springframework.boot.SpringApplication.run(SpringApplication.java:307)
	at org.springframework.boot.test.context.SpringBootContextLoader.loadContext(SpringBootContextLoader.java:136)
	at org.springframework.test.context.cache.DefaultCacheAwareContextLoaderDelegate.loadContextInternal(DefaultCacheAwareContextLoaderDelegate.java:141)
	at org.springframework.test.context.cache.DefaultCacheAwareContextLoaderDelegate.loadContext(DefaultCacheAwareContextLoaderDelegate.java:90)
	... 72 common frames omitted
Caused by: org.springframework.beans.factory.UnsatisfiedDependencyException: Error creating bean with name 'pacienteService' defined in file [C:\Users\Luli\OneDrive\Desktop\clinicaOdontologicaMM\clinicaOdontologicaMM\clinicaOdontologica\target\classes\com\digitalhouse\backend\integrador\clinicaOdontologica\service\impl\PacienteService.class]: Unsatisfied dependency expressed through constructor parameter 1; nested exception is org.springframework.beans.factory.NoSuchBeanDefinitionException: No qualifying bean of type 'org.modelmapper.ModelMapper' available: expected at least 1 bean which qualifies as autowire candidate. Dependency annotations: {}
	at org.springframework.beans.factory.support.ConstructorResolver.createArgumentArray(ConstructorResolver.java:800)
	at org.springframework.beans.factory.support.ConstructorResolver.autowireConstructor(ConstructorResolver.java:229)
	at org.springframework.beans.factory.support.AbstractAutowireCapableBeanFactory.autowireConstructor(AbstractAutowireCapableBeanFactory.java:1372)
	at org.springframework.beans.factory.support.AbstractAutowireCapableBeanFactory.createBeanInstance(AbstractAutowireCapableBeanFactory.java:1222)
	at org.springframework.beans.factory.support.AbstractAutowireCapableBeanFactory.doCreateBean(AbstractAutowireCapableBeanFactory.java:582)
	at org.springframework.beans.factory.support.AbstractAutowireCapableBeanFactory.createBean(AbstractAutowireCapableBeanFactory.java:542)
	at org.springframework.beans.factory.support.AbstractBeanFactory.lambda$doGetBean$0(AbstractBeanFactory.java:335)
	at org.springframework.beans.factory.support.DefaultSingletonBeanRegistry.getSingleton(DefaultSingletonBeanRegistry.java:234)
	at org.springframework.beans.factory.support.AbstractBeanFactory.doGetBean(AbstractBeanFactory.java:333)
	at org.springframework.beans.factory.support.AbstractBeanFactory.getBean(AbstractBeanFactory.java:208)
	at org.springframework.beans.factory.config.DependencyDescriptor.resolveCandidate(DependencyDescriptor.java:276)
	at org.springframework.beans.factory.support.DefaultListableBeanFactory.doResolveDependency(DefaultListableBeanFactory.java:1391)
	at org.springframework.beans.factory.support.DefaultListableBeanFactory.resolveDependency(DefaultListableBeanFactory.java:1311)
	at org.springframework.beans.factory.support.ConstructorResolver.resolveAutowiredArgument(ConstructorResolver.java:887)
	at org.springframework.beans.factory.support.ConstructorResolver.createArgumentArray(ConstructorResolver.java:791)
	... 90 common frames omitted
Caused by: org.springframework.beans.factory.NoSuchBeanDefinitionException: No qualifying bean of type 'org.modelmapper.ModelMapper' available: expected at least 1 bean which qualifies as autowire candidate. Dependency annotations: {}
	at org.springframework.beans.factory.support.DefaultListableBeanFactory.raiseNoMatchingBeanFound(DefaultListableBeanFactory.java:1801)
	at org.springframework.beans.factory.support.DefaultListableBeanFactory.doResolveDependency(DefaultListableBeanFactory.java:1357)
	at org.springframework.beans.factory.support.DefaultListableBeanFactory.resolveDependency(DefaultListableBeanFactory.java:1311)
	at org.springframework.beans.factory.support.ConstructorResolver.resolveAutowiredArgument(ConstructorResolver.java:887)
	at org.springframework.beans.factory.support.ConstructorResolver.createArgumentArray(ConstructorResolver.java:791)
	... 104 common frames omitted
]]></system-out>
  </testcase>
</testsuite>